Symbol range map extraction starting
Processing 60 files
processing basashi\dools\client\ClientProxy.java
processing basashi\dools\config\ConfigProperty.java
processing basashi\dools\config\ConfigValue.java
processing basashi\dools\config\CustomConfig.java
processing basashi\dools\config\IModConfig.java
processing basashi\dools\config\ModConfig.java
processing basashi\dools\container\ContainerItemSelect.java
processing basashi\dools\container\SlotArmorDool.java
processing basashi\dools\core\CommonProxy.java
processing basashi\dools\core\Dools.java
processing basashi\dools\core\ModCommon.java
processing basashi\dools\core\log\ModLog.java
processing basashi\dools\creative\CreativeTabDools.java
processing basashi\dools\entity\EntityDool.java
processing basashi\dools\entity\EntityDoolPlayer.java
processing basashi\dools\entity\render\EntityDoolRender.java
processing basashi\dools\entity\render\EntityPlayerRender.java
processing basashi\dools\entity\render\LayerDool5Head.java
processing basashi\dools\entity\render\LayerDoolCape.java
processing basashi\dools\event\GuiEventHandler.java
processing basashi\dools\event\McEventHandler.java
processing basashi\dools\gui\GuiDoolPause.java
processing basashi\dools\gui\GuiDoolPause_DoolPlayer.java
processing basashi\dools\gui\GuiDoolPause_EnderDragon.java
processing basashi\dools\gui\GuiDoolPause_Enderman.java
processing basashi\dools\gui\GuiDoolPause_EntityHorse.java
processing basashi\dools\gui\GuiDoolPause_Ghast.java
processing basashi\dools\gui\GuiDoolPause_LittleMaid.java
processing basashi\dools\gui\GuiDoolPause_Ozelot.java
processing basashi\dools\gui\GuiDoolPause_Rabbit.java
processing basashi\dools\gui\GuiDoolPause_Sheep.java
processing basashi\dools\gui\GuiDoolPause_Villager.java
processing basashi\dools\gui\GuiDoolPause_Wolf.java
processing basashi\dools\gui\GuiDoolPause_Zombie.java
processing basashi\dools\gui\GuiDoolSelect.java
processing basashi\dools\gui\GuiItemSelect.java
processing basashi\dools\gui\GuiMobSelect.java
processing basashi\dools\gui\GuiSlider.java
processing basashi\dools\gui\GuiSlotMobSelect.java
processing basashi\dools\item\ItemDool.java
processing basashi\dools\network\MessageDoolUpdate.java
processing basashi\dools\network\MessageHandler.java
processing basashi\dools\network\MessageItem.java
processing basashi\dools\network\MessageItem_Client.java
processing basashi\dools\network\MessagePause.java
processing basashi\dools\network\MessagePause_Client.java
processing basashi\dools\network\MessageServer_SpawnDool.java
processing basashi\dools\render\IItemRenderManager.java
processing basashi\dools\server\ServerDool.java
processing basashi\dools\server\ServerDool_DoolPlayer.java
processing basashi\dools\server\ServerDool_Enderman.java
processing basashi\dools\server\ServerDool_EntityHorse.java
processing basashi\dools\server\ServerDool_Ghast.java
processing basashi\dools\server\ServerDool_LittleMaid.java
processing basashi\dools\server\ServerDool_Ozelot.java
processing basashi\dools\server\ServerDool_Rabbit.java
processing basashi\dools\server\ServerDool_Sheep.java
processing basashi\dools\server\ServerDool_Villager.java
processing basashi\dools\server\ServerDool_Wolf.java
processing basashi\dools\server\ServerDool_Zombie.java
